<?xml version="1.0" encoding="UTF-8"?>
<!-- Generated by org.testng.reporters.JUnitXMLReporter -->
<testsuite ignored="0" hostname="DESKTOP-JH0K3SH" failures="2" tests="2" name="Test" time="64.337" errors="0" timestamp="2023-02-22T00:13:35 IST">
  <testcase classname="Test.TestCasesController2" name="CheGuevara_Search" time="17.6">
    <failure type="java.lang.AssertionError" message="null">
      <![CDATA[java.lang.AssertionError: null
at POM.GoogleSearch2.GoogleSearch(GoogleSearch2.java:52)
at Test.TestCasesController2.CheGuevara_Search(TestCasesController2.java:49)
at java.base/java.util.concurrent.ThreadPoolExecutor.runWorker(ThreadPoolExecutor.java:1128)
at java.base/java.util.concurrent.ThreadPoolExecutor$Worker.run(ThreadPoolExecutor.java:628)
at java.base/java.lang.Thread.run(Thread.java:834)
... Removed 14 stack frames]]>
    </failure>
  </testcase> <!-- CheGuevara_Search -->
  <testcase classname="Test.TestCasesController" name="SearchForYugandharRoyal" time="20.137">
    <failure type="java.lang.AssertionError" message="null">
      <![CDATA[java.lang.AssertionError: null
at POM.GoogleSearch.GoogleSearch(GoogleSearch.java:47)
at Test.TestCasesController.SearchForYugandharRoyal(TestCasesController.java:49)
at java.base/java.util.concurrent.ThreadPoolExecutor.runWorker(ThreadPoolExecutor.java:1128)
at java.base/java.util.concurrent.ThreadPoolExecutor$Worker.run(ThreadPoolExecutor.java:628)
at java.base/java.lang.Thread.run(Thread.java:834)
... Removed 14 stack frames]]>
    </failure>
  </testcase> <!-- SearchForYugandharRoyal -->
</testsuite> <!-- Test -->
