<?xml version="1.0" encoding="UTF-8"?>
<testng-results ignored="0" total="1" passed="1" failed="0" skipped="0">
  <reporter-output>
  </reporter-output>
  <suite started-at="2023-12-16T11:45:54Z" name="Default suite" finished-at="2023-12-16T11:46:09Z" duration-ms="14543">
    <groups>
    </groups>
    <test started-at="2023-12-16T11:45:54Z" name="Default test" finished-at="2023-12-16T11:46:09Z" duration-ms="14543">
      <class name="Test.TestCasesController2">
        <test-method is-config="true" signature="launchUrl()[pri:0, instance:Test.TestCasesController2@5d5b5fa7]" started-at="2023-12-16T11:45:54Z" name="launchUrl" finished-at="2023-12-16T11:46:03Z" duration-ms="8764" status="PASS">
          <reporter-output>
          </reporter-output>
        </test-method> <!-- launchUrl -->
        <test-method signature="CheGuevara_Search()[pri:10, instance:Test.TestCasesController2@5d5b5fa7]" started-at="2023-12-16T11:46:03Z" name="CheGuevara_Search" finished-at="2023-12-16T11:46:08Z" duration-ms="5010" status="PASS">
          <reporter-output>
          </reporter-output>
        </test-method> <!-- CheGuevara_Search -->
        <test-method is-config="true" signature="ExecutionTimeForTest(org.testng.ITestResult)[pri:0, instance:Test.TestCasesController2@5d5b5fa7]" started-at="2023-12-16T11:46:08Z" name="ExecutionTimeForTest" finished-at="2023-12-16T11:46:08Z" duration-ms="120" status="PASS">
          <params>
            <param index="0">
              <value>
                <![CDATA[[TestResult name=CheGuevara_Search status=SUCCESS method=TestCasesController2.CheGuevara_Search()[pri:10, instance:Test.TestCasesController2@5d5b5fa7] output={null}]]]>
              </value>
            </param>
          </params>
          <reporter-output>
          </reporter-output>
        </test-method> <!-- ExecutionTimeForTest -->
        <test-method is-config="true" signature="closeBrowser()[pri:0, instance:Test.TestCasesController2@5d5b5fa7]" started-at="2023-12-16T11:46:08Z" name="closeBrowser" finished-at="2023-12-16T11:46:09Z" duration-ms="627" status="PASS">
          <reporter-output>
          </reporter-output>
        </test-method> <!-- closeBrowser -->
      </class> <!-- Test.TestCasesController2 -->
    </test> <!-- Default test -->
  </suite> <!-- Default suite -->
</testng-results>
